<?xml version="1.0" encoding="UTF-8"?>
<!-- Generated by org.testng.reporters.JUnitReportReporter -->
<testsuite hostname="Rajendra-Laptop" failures="0" tests="1" name="SCL_Issue.File_Upload.testLogin" time="681.354" errors="0" timestamp="2024-03-05T15:36:08 IST" skipped="0">
  <testcase classname="SCL_Issue.File_Upload.testLogin" name="createpdf" time="681.354"/>
</testsuite> <!-- SCL_Issue.File_Upload.testLogin -->
